Generated 20 trees:
  [ 0] size= 5  depth=2  expr=(sin(x) / sin(-0.33))
  [ 1] size=12  depth=3  expr=((sin(1.25) * sin(1.99)) * ((x / x) - sin(x)))
  [ 2] size=25  depth=4  expr=((((x - -1.60) * (x * -0.20)) * sin((-0.30 * x))) + (((x - x) / (-0.36 - x)) + sin((-1.45 * -1.13))))
  [ 3] size=44  depth=5  expr=((sin(((x - x) - (2.53 / x))) / ((sin(x) + (0.52 - 0.64)) / sin((x + x)))) - ((((x / x) + (1.37 * -2.56)) + ((2.10 + x) - (x + x))) + sin(((2.32 / x) * sin(2.09)))))
  [ 4] size= 4  depth=2  expr=sin((-0.43 * x))
  [ 5] size= 2  depth=1  expr=sin(-0.15)
  [ 6] size= 3  depth=2  expr=sin(sin(x))
  [ 7] size=14  depth=5  expr=(0.59 * (sin(x) / (0.24 / ((x + -3.00) / (x * -0.50)))))
  [ 8] size= 4  depth=2  expr=sin((x + x))
  [ 9] size=15  depth=3  expr=(((x / 2.77) + (-2.11 - -1.40)) * ((x - x) - (1.08 + -0.31)))
  [10] size=30  depth=4  expr=((((-0.79 + 0.80) * (1.79 * x)) * (sin(-1.04) * (x / -1.64))) / (((x + 2.03) + (x * x)) / ((x * x) - (-1.44 + 2.79))))
  [11] size=17  depth=5  expr=sin(sin((((x + 2.38) + (-2.50 + x)) * ((x * 2.84) / (x - 1.15)))))
  [12] size= 2  depth=1  expr=sin(-1.58)
  [13] size= 2  depth=1  expr=sin(x)
  [14] size=10  depth=4  expr=(((sin(x) * (0.02 * -0.04)) + -1.32) * -1.94)
  [15] size=18  depth=5  expr=(sin((-0.43 / ((x / x) * (x * 2.62)))) / ((x - (0.32 + x)) - -2.51))
  [16] size= 7  depth=2  expr=((0.90 / 1.77) + (-2.83 / -0.37))
  [17] size=15  depth=3  expr=(((-1.28 - -2.82) + (x / x)) * ((x / -1.37) * (-2.49 / x)))
  [18] size=21  depth=4  expr=(((sin(1.29) / (-1.38 * x)) * (sin(x) - (-2.65 + -0.35))) / (sin(sin(0.10)) + sin(sin(x))))
  [19] size=52  depth=5  expr=(((sin((x + x)) * ((x / x) + (x - x))) - (sin((0.81 - x)) + ((0.01 - 1.10) - (x - 2.64)))) / ((((x / 1.92) * (x / 2.43)) - (sin(x) / (x - -0.98))) / (sin((-0.96 - x)) - ((0.77 - 1.41) / sin(0.29)))))
