One-hot encoding:
    cat → [1. 0. 0. 0. 0.]
    dog → [0. 1. 0. 0. 0.]
   fish → [0. 0. 1. 0. 0.]
   bird → [0. 0. 0. 1. 0.]
   king → [0. 0. 0. 0. 1.]

Training pairs from 'the cat sat on the mat':
  center=  the  →  context=cat
  center=  the  →  context=sat
  center=  cat  →  context=the
  center=  cat  →  context=sat
  center=  cat  →  context=on
  center=  sat  →  context=the
  center=  sat  →  context=cat
  center=  sat  →  context=on

Epoch    0 | Loss: 4.1239
Epoch  200 | Loss: 1.6787
Epoch  400 | Loss: 1.6899
Epoch  600 | Loss: 1.6860
Epoch  800 | Loss: 1.7545

Final loss: 1.6897

Most similar to 'king':  [('kingdom', '0.737'), ('queen', '0.585'), ('ate', '0.583'), ('rice', '0.556'), ('ruled', '0.469')]
Most similar to 'cat':   [('mat', '0.621'), ('ran', '0.550'), ('sat', '0.483'), ('on', '0.478'), ('boy', '0.468')]
Most similar to 'bread': [('for', '0.644'), ('lunch', '0.533'), ('queen', '0.528'), ('rice', '0.528'), ('ate', '0.465')]

king is to queen as man is to ???
  [('by', np.float64(0.4707503099276967)), ('walked', np.float64(0.39469581625206407)), ('dog', np.float64(0.392890320631561))]

cat is to dog as boy is to ???
  [('animals', np.float64(0.5098398526769156)), ('together', np.float64(0.41555508332164387)), ('swam', np.float64(0.41328596763797393))]
