Attention masks (1 = can attend, 0 = masked):

Full (max cache = 12 tokens per layer):
   ג–ˆ ֲ· ֲ· ֲ· ֲ· ֲ·
   ג–ˆ ג–ˆ ֲ· ֲ· ֲ· ֲ·
   ג–ˆ ג–ˆ ג–ˆ ֲ· ֲ· ֲ·
   ג–ˆ ג–ˆ ג–ˆ ג–ˆ ֲ· ֲ·
   ג–ˆ ג–ˆ ג–ˆ ג–ˆ ג–ˆ ֲ·
   ג–ˆ ג–ˆ ג–ˆ ג–ˆ ג–ˆ ג–ˆ

Window=4 (max cache = 4 tokens per layer):
   ג–ˆ ֲ· ֲ· ֲ· ֲ· ֲ·
   ג–ˆ ג–ˆ ֲ· ֲ· ֲ· ֲ·
   ג–ˆ ג–ˆ ג–ˆ ֲ· ֲ· ֲ·
   ג–ˆ ג–ˆ ג–ˆ ג–ˆ ֲ· ֲ·
   ֲ· ג–ˆ ג–ˆ ג–ˆ ג–ˆ ֲ·
   ֲ· ֲ· ג–ˆ ג–ˆ ג–ˆ ג–ˆ

Window=2 (max cache = 2 tokens per layer):
   ג–ˆ ֲ· ֲ· ֲ· ֲ· ֲ·
   ג–ˆ ג–ˆ ֲ· ֲ· ֲ· ֲ·
   ֲ· ג–ˆ ג–ˆ ֲ· ֲ· ֲ·
   ֲ· ֲ· ג–ˆ ג–ˆ ֲ· ֲ·
   ֲ· ֲ· ֲ· ג–ˆ ג–ˆ ֲ·
   ֲ· ֲ· ֲ· ֲ· ג–ˆ ג–ˆ

